2024/12/09	01:23:59am	Book added successfully!
2024/12/09	01:34:57am	Book added successfully!	 The Lord of the Rings
2024/12/09	01:35:44am	Book added successfully!	 A Court of Thorns and Roses
2024/12/09	01:37:24am	Book added successfully!	 Matilda
2024/12/09	02:52:48am	Book added successfully!	 Twilight
2024/12/09	02:58:11am	Book added successfully!	 Eclipse
2024/12/09	02:59:41am	Book added successfully!	 Harry Potter and the Order of the Phoenix
2024/12/09	03:02:45am	Book added successfully!	 Harry Potter and the Deathly Hallows
2024/12/09	03:07:52am	Book added successfully!	 Harry Potter and the Prisoner of Azkaban
2024/12/09	03:30:00am	Book added successfully!	 Harry Potter and the Philosopher's Stone
2024/12/09	03:31:23am	Book added successfully!	 Harry Potter and the Prisoner of Azkaban
2024/12/09	03:38:11am	Book added successfully!	 Harry Potter and the Chamber of Secrets
2024/12/09	03:49:48am	Book added successfully!	 Harry Potter and the Prisoner of Azkaban
2024/12/09	03:50:15am	Book added successfully!	 A Court of Mist and Fury
2024/12/09	03:50:23am	Book added successfully!	 A Court of Mist and Fury
2024/12/09	03:53:52am	Book added successfully!	 Harry Potter and the Prisoner of Azkaban
2024/12/09	03:57:17am	Book added successfully!	 Harry Potter and the Prisoner of Azkaban
2024/12/09	03:58:21am	Book added successfully!	 Harry Potter and the Goblet of Fire
2024/12/09	04:08:09am	Book added successfully!	 Harry Potter and the Cursed Child
2024/12/09	04:08:48am	Book added successfully!	 Harry Potter - Deluxe Coloring Book
2024/12/09	04:15:38am	Book added successfully!	 The Assassin’s Blade
2024/12/09	04:35:20am	Book added successfully!	 Harry Potter and the Philosopher's Stone
2024/12/09	04:35:48am	Book added successfully!	 Harry Potter and the Philosopher's Stone
2024/12/09	04:35:58am	Book added successfully!	 Harry Potter and the Order of the Phoenix
2024/12/09	04:37:05am	Book added successfully!	 Harry Potter and the Prisoner of Azkaban
