2024/12/07	05:32:49am	 Database error: SQLSTATE[42S02]: Base table or view not found: 1146 Table 'library.user' doesn't exist
2024/12/07	05:33:34am	 Database error: SQLSTATE[HY000] [1049] Unknown database 'users'
2024/12/07	05:33:39am	 Database error: SQLSTATE[HY000] [1049] Unknown database 'users'
2024/12/07	05:33:55am	 Database error: SQLSTATE[HY000] [1049] Unknown database 'users'
2024/12/07	05:34:03am	 Database error: SQLSTATE[HY000] [1049] Unknown database 'users'
2024/12/07	05:36:32am	 Database error: SQLSTATE[HY000] [1045] Access denied for user ''@'localhost' (using password: NO)
Connected successfully!Connected successfully!Connected successfully!Connected successfully!Connected successfully!Connected successfully!Connected successfully!Query executed for user: bunnyConnected successfully!Query executed for user: bunnyIncorrect password.Connected successfully!Query executed for user: bunnyIncorrect password.Connected successfully!Query executed for user: bunnyIncorrect password.Connected successfully!Connected successfully!Connected successfully!Connected successfully!Connected successfully!Connected successfully!Connected successfully!Query executed for user: bunnyIncorrect password.Connected successfully!Connected successfully!Query executed for user: bunnyIncorrect password.Query executed for user: bunnyIncorrect password.Query executed for user: bunnyStored password hash: bunnyIncorrect password.Query executed for user: bunnyStored password hash: bunnyIncorrect password.Query executed for user: bunnyStored password hash: bunnyIncorrect password.Query executed for user: bunnyStored password hash: bunnyIncorrect password.Query executed for user: iStored password hash: $2y$10$BMPOWxiBj8aeEK.t2upEf.HNDC9bXEGbaJZgVotYFIncorrect password.Incorrect password.Incorrect password.Incorrect password.Incorrect password.Incorrect password.Incorrect password.Incorrect password.Incorrect password.Incorrect password.Incorrect password.Incorrect password.Incorrect password.Username not found.Username not found.Username not found.Username not found.Username not found.Incorrect password.Incorrect password.Incorrect password.Incorrect password.Username not found.Username not found.Incorrect password.Incorrect password.Password verification works!Incorrect password.Password verification works!Incorrect password.Incorrect password.Incorrect password.Incorrect password.p $2y$10$e4mPiuN.p9g2n3YPRECetexDsIm9RhEBDoMNmeuWmIncorrect password.p $2y$10$e4mPiuN.p9g2n3YPRECetexDsIm9RhEBDoMNmeuWmIncorrect password.p $2y$10$e4mPiuN.p9g2n3YPRECetexDsIm9RhEBDoMNmeuWmIncorrect password.p $2y$10$e4mPiuN.p9g2n3YPRECetexDsIm9RhEBDoMNmeuWmIncorrect password.p $2y$10$e4mPiuN.p9g2n3YPRECetexDsIm9RhEBDoMNmeuWm $2y$10$AnvlIt9TUL94oX4Ao7N9/OrnXRWl2udEmhOkL7rFOl3gr8hjyYucSIncorrect password.p $2y$10$e4mPiuN.p9g2n3YPRECetexDsIm9RhEBDoMNmeuWm $2y$10$1R94OF.IOWFKep0R.KxvOuHK2CNGG0q.AlXQ1qXpbvHt/e2V/.4A.Incorrect password.p $2y$10$e4mPiuN.p9g2n3YPRECetexDsIm9RhEBDoMNmeuWm $2y$10$wZ47/PfLrp5E9rueR.GfL.ugsulOMwdRuFaHcT1u/MV3UV3kwj3xaIncorrect password.i $2y$10$BMPOWxiBj8aeEK.t2upEf.HNDC9bXEGbaJZgVotYF $2y$10$OnewVtFA7YMv/Pmj3TTBDOhBQyNytjMKPD7EIIU4uTA6uhPBr.khiIncorrect password.emma emma Incorrect password.emma emma Incorrect password.emma emma Username not found.Username not found.2024/12/08	11:45:55pm	Login successful!
2024/12/08	11:48:27pm	Login successful!
2024/12/08	11:49:15pm	Login successful!
2024/12/08	11:53:20pm	Login successful!
Username not found.Username not found.Username not found.Username not found.2024/12/08	11:56:00pm	Login successful!
2024/12/08	11:58:23pm	Login successful!
2024/12/08	11:58:48pm	Login successful!
2024/12/09	12:00:55am	Login successful!
2024/12/09	12:07:36am	Login successful!
2024/12/09	12:10:06am	Login successful!
2024/12/09	12:10:32am	Login successful!
2024/12/09	12:13:00am	Login successful!
2024/12/09	12:14:39am	Login successful!
2024/12/09	12:20:10am	Login successful!
2024/12/09	12:28:43am	Login successful!
Incorrect password.2024/12/09	12:30:33am	Login successful!
2024/12/09	12:32:51am	Login successful!
2024/12/09	12:33:19am	Login successful!
